                                 Started job on |	Sep 08 10:14:38
                             Started mapping on |	Sep 08 10:14:41
                                    Finished on |	Sep 08 10:14:47
       Mapping speed, Million of reads per hour |	14.11

                          Number of input reads |	23520
                      Average input read length |	150
                                    UNIQUE READS:
                   Uniquely mapped reads number |	20353
                        Uniquely mapped reads % |	86.53%
                          Average mapped length |	150.54
                       Number of splices: Total |	559
            Number of splices: Annotated (sjdb) |	513
                       Number of splices: GT/AG |	556
                       Number of splices: GC/AG |	0
                       Number of splices: AT/AC |	0
               Number of splices: Non-canonical |	3
                      Mismatch rate per base, % |	0.49%
                         Deletion rate per base |	0.01%
                        Deletion average length |	1.56
                        Insertion rate per base |	0.01%
                       Insertion average length |	1.39
                             MULTI-MAPPING READS:
        Number of reads mapped to multiple loci |	1153
             % of reads mapped to multiple loci |	4.90%
        Number of reads mapped to too many loci |	25
             % of reads mapped to too many loci |	0.11%
                                  UNMAPPED READS:
  Number of reads unmapped: too many mismatches |	0
       % of reads unmapped: too many mismatches |	0.00%
            Number of reads unmapped: too short |	1986
                 % of reads unmapped: too short |	8.44%
                Number of reads unmapped: other |	3
                     % of reads unmapped: other |	0.01%
                                  CHIMERIC READS:
                       Number of chimeric reads |	0
                            % of chimeric reads |	0.00%
