[2021-09-08 10:11:36,997] multiqc                                            [DEBUG  ]  This is MultiQC v1.11
[2021-09-08 10:11:36,997] multiqc                                            [DEBUG  ]  No MultiQC config found: /Users/mragsac/miniconda3/envs/module4/lib/python3.9/site-packages/multiqc_config.yaml
[2021-09-08 10:11:36,997] multiqc                                            [DEBUG  ]  No MultiQC config found: /Users/mragsac/.multiqc_config.yaml
[2021-09-08 10:11:36,997] multiqc                                            [DEBUG  ]  No MultiQC config found: multiqc_config.yaml
[2021-09-08 10:11:36,997] multiqc                                            [DEBUG  ]  Command used: /Users/mragsac/miniconda3/envs/module4/bin/multiqc outputs -o outputs/multiqc_output
[2021-09-08 10:11:38,042] multiqc                                            [DEBUG  ]  Latest MultiQC version is v1.11
[2021-09-08 10:11:38,042] multiqc                                            [DEBUG  ]  Command     : /Users/mragsac/miniconda3/envs/module4/bin/multiqc outputs -o outputs/multiqc_output
[2021-09-08 10:11:38,042] multiqc                                            [DEBUG  ]  Working dir : /Users/mragsac/Documents/BISB-Bootcamp-2021/day3/module4_introduction-to-hpc
[2021-09-08 10:11:38,042] multiqc                                            [DEBUG  ]  Template    : default
[2021-09-08 10:11:38,042] multiqc                                            [DEBUG  ]  Running Python 3.9.7 | packaged by conda-forge | (default, Sep  2 2021, 17:58:46)  [Clang 11.1.0 ]
[2021-09-08 10:11:38,043] multiqc                                            [DEBUG  ]  Analysing modules: custom_content, ccs, ngsderive, purple, conpair, lima, peddy, somalier, methylQA, mosdepth, phantompeakqualtools, qualimap, preseq, quast, qorts, rna_seqc, rockhopper, rsem, rseqc, busco, bustools, goleft_indexcov, gffcompare, disambiguate, supernova, deeptools, sargasso, verifybamid, mirtrace, happy, mirtop, sambamba, homer, hops, macs2, theta2, snpeff, gatk, htseq, bcftools, featureCounts, fgbio, dragen, dedup, damageprofiler, biobambam2, jcvi, mtnucratio, picard, vep, sentieon, prokka, qc3C, nanostat, samblaster, samtools, sexdeterrmine, eigenstratdatabasetools, bamtools, jellyfish, vcftools, longranger, stacks, varscan2, snippy, bbmap, bismark, biscuit, hicexplorer, hicup, hicpro, salmon, kallisto, slamdunk, star, hisat2, tophat, bowtie2, bowtie1, snpsplit, odgi, pangolin, kat, leehom, adapterRemoval, clipandmerge, cutadapt, flexbar, kaiju, kraken, malt, trimmomatic, sickle, skewer, sortmerna, biobloomtools, fastq_screen, afterqc, fastp, fastqc, pychopper, pycoqc, minionqc, multivcfanalyzer, clusterflow, bcl2fastq, bclconvert, interop, ivar, flash, seqyclean, optitype
[2021-09-08 10:11:38,043] multiqc                                            [DEBUG  ]  Using temporary directory for creating report: /var/folders/kb/1tbph6897cb_t_qs6vr3j9cc0000gn/T/tmp25mpz1vh
[2021-09-08 10:11:38,170] multiqc                                            [INFO   ]  Search path : /Users/mragsac/Documents/BISB-Bootcamp-2021/day3/module4_introduction-to-hpc/outputs
[2021-09-08 10:11:38,255] multiqc                                            [DEBUG  ]  File ignored by ccs/v4 because it exceeded search pattern filesize limit: final_counts_matrix.txt
[2021-09-08 10:11:38,258] multiqc                                            [DEBUG  ]  File ignored by hicexplorer because it exceeded search pattern filesize limit: final_counts_matrix.txt
[2021-09-08 10:11:38,258] multiqc                                            [DEBUG  ]  File ignored by nanostat because it exceeded search pattern filesize limit: final_counts_matrix.txt
[2021-09-08 10:11:38,258] multiqc                                            [DEBUG  ]  File ignored by lima/summary because it exceeded search pattern filesize limit: final_counts_matrix.txt
[2021-09-08 10:11:38,265] multiqc                                            [DEBUG  ]  File ignored by vep/vep_txt because it exceeded search pattern filesize limit: final_counts_matrix.txt
[2021-09-08 10:11:38,265] multiqc                                            [DEBUG  ]  File ignored by longranger/invocation because it exceeded search pattern filesize limit: final_counts_matrix.txt
[2021-09-08 10:11:38,435] multiqc                                            [DEBUG  ]  File ignored by ccs/v4 because it exceeded search pattern filesize limit: yeastSJ.out.tab
[2021-09-08 10:11:38,436] multiqc                                            [DEBUG  ]  File ignored by hicexplorer because it exceeded search pattern filesize limit: yeastSJ.out.tab
[2021-09-08 10:11:38,436] multiqc                                            [DEBUG  ]  File ignored by nanostat because it exceeded search pattern filesize limit: yeastSJ.out.tab
[2021-09-08 10:11:38,436] multiqc                                            [DEBUG  ]  File ignored by lima/summary because it exceeded search pattern filesize limit: yeastSJ.out.tab
[2021-09-08 10:11:38,439] multiqc                                            [DEBUG  ]  File ignored by longranger/invocation because it exceeded search pattern filesize limit: yeastSJ.out.tab
[2021-09-08 10:11:38,445] multiqc                                            [DEBUG  ]  Ignoring file as matched an ignore pattern: yeastAligned.sortedByName.out.bam.bai
[2021-09-08 10:11:38,445] multiqc                                            [DEBUG  ]  Ignoring file as matched an ignore pattern: yeastAligned.sortedByName.out.bam
[2021-09-08 10:11:38,449] multiqc                                            [DEBUG  ]  File ignored by ccs/v4 because it exceeded search pattern filesize limit: yeastLog.out
[2021-09-08 10:11:38,450] multiqc                                            [DEBUG  ]  File ignored by hicexplorer because it exceeded search pattern filesize limit: yeastLog.out
[2021-09-08 10:11:38,451] multiqc                                            [DEBUG  ]  File ignored by nanostat because it exceeded search pattern filesize limit: yeastLog.out
[2021-09-08 10:11:38,451] multiqc                                            [DEBUG  ]  File ignored by lima/summary because it exceeded search pattern filesize limit: yeastLog.out
[2021-09-08 10:11:38,453] multiqc                                            [DEBUG  ]  File ignored by longranger/invocation because it exceeded search pattern filesize limit: yeastLog.out
[2021-09-08 10:11:38,472] multiqc                                            [DEBUG  ]  Ignoring file as matched an ignore pattern: yeastAligned.sortedByCoord.out.bam
[2021-09-08 10:11:38,503] multiqc                                            [DEBUG  ]  File ignored by ccs/v4 because it exceeded search pattern filesize limit: sjdbList.fromGTF.out.tab
[2021-09-08 10:11:38,505] multiqc                                            [DEBUG  ]  File ignored by hicexplorer because it exceeded search pattern filesize limit: sjdbList.fromGTF.out.tab
[2021-09-08 10:11:38,505] multiqc                                            [DEBUG  ]  File ignored by nanostat because it exceeded search pattern filesize limit: sjdbList.fromGTF.out.tab
[2021-09-08 10:11:38,505] multiqc                                            [DEBUG  ]  File ignored by lima/summary because it exceeded search pattern filesize limit: sjdbList.fromGTF.out.tab
[2021-09-08 10:11:38,507] multiqc                                            [DEBUG  ]  File ignored by longranger/invocation because it exceeded search pattern filesize limit: sjdbList.fromGTF.out.tab
[2021-09-08 10:11:38,523] multiqc                                            [DEBUG  ]  File ignored by ccs/v4 because it exceeded search pattern filesize limit: exonInfo.tab
[2021-09-08 10:11:38,524] multiqc                                            [DEBUG  ]  File ignored by hicexplorer because it exceeded search pattern filesize limit: exonInfo.tab
[2021-09-08 10:11:38,524] multiqc                                            [DEBUG  ]  File ignored by nanostat because it exceeded search pattern filesize limit: exonInfo.tab
[2021-09-08 10:11:38,524] multiqc                                            [DEBUG  ]  File ignored by lima/summary because it exceeded search pattern filesize limit: exonInfo.tab
[2021-09-08 10:11:38,526] multiqc                                            [DEBUG  ]  File ignored by longranger/invocation because it exceeded search pattern filesize limit: exonInfo.tab
[2021-09-08 10:11:38,683] multiqc                                            [DEBUG  ]  File ignored by ccs/v4 because it exceeded search pattern filesize limit: sjdbList.out.tab
[2021-09-08 10:11:38,684] multiqc                                            [DEBUG  ]  File ignored by hicexplorer because it exceeded search pattern filesize limit: sjdbList.out.tab
[2021-09-08 10:11:38,685] multiqc                                            [DEBUG  ]  File ignored by nanostat because it exceeded search pattern filesize limit: sjdbList.out.tab
[2021-09-08 10:11:38,685] multiqc                                            [DEBUG  ]  File ignored by lima/summary because it exceeded search pattern filesize limit: sjdbList.out.tab
[2021-09-08 10:11:38,689] multiqc                                            [DEBUG  ]  File ignored by longranger/invocation because it exceeded search pattern filesize limit: sjdbList.out.tab
[2021-09-08 10:11:38,716] multiqc                                            [DEBUG  ]  File ignored by ccs/v4 because it exceeded search pattern filesize limit: Log.out
[2021-09-08 10:11:38,717] multiqc                                            [DEBUG  ]  File ignored by hicexplorer because it exceeded search pattern filesize limit: Log.out
[2021-09-08 10:11:38,718] multiqc                                            [DEBUG  ]  File ignored by nanostat because it exceeded search pattern filesize limit: Log.out
[2021-09-08 10:11:38,718] multiqc                                            [DEBUG  ]  File ignored by lima/summary because it exceeded search pattern filesize limit: Log.out
[2021-09-08 10:11:38,720] multiqc                                            [DEBUG  ]  File ignored by longranger/invocation because it exceeded search pattern filesize limit: Log.out
[2021-09-08 10:11:38,734] multiqc                                            [DEBUG  ]  File ignored by ccs/v4 because it exceeded search pattern filesize limit: geneInfo.tab
[2021-09-08 10:11:38,736] multiqc                                            [DEBUG  ]  File ignored by hicexplorer because it exceeded search pattern filesize limit: geneInfo.tab
[2021-09-08 10:11:38,736] multiqc                                            [DEBUG  ]  File ignored by nanostat because it exceeded search pattern filesize limit: geneInfo.tab
[2021-09-08 10:11:38,736] multiqc                                            [DEBUG  ]  File ignored by lima/summary because it exceeded search pattern filesize limit: geneInfo.tab
[2021-09-08 10:11:38,738] multiqc                                            [DEBUG  ]  File ignored by vep/vep_txt because it exceeded search pattern filesize limit: geneInfo.tab
[2021-09-08 10:11:38,738] multiqc                                            [DEBUG  ]  File ignored by longranger/invocation because it exceeded search pattern filesize limit: geneInfo.tab
[2021-09-08 10:11:38,875] multiqc                                            [DEBUG  ]  File ignored by ccs/v4 because it exceeded search pattern filesize limit: sjdbInfo.txt
[2021-09-08 10:11:38,876] multiqc                                            [DEBUG  ]  File ignored by hicexplorer because it exceeded search pattern filesize limit: sjdbInfo.txt
[2021-09-08 10:11:38,877] multiqc                                            [DEBUG  ]  File ignored by nanostat because it exceeded search pattern filesize limit: sjdbInfo.txt
[2021-09-08 10:11:38,877] multiqc                                            [DEBUG  ]  File ignored by lima/summary because it exceeded search pattern filesize limit: sjdbInfo.txt
[2021-09-08 10:11:38,879] multiqc                                            [DEBUG  ]  File ignored by longranger/invocation because it exceeded search pattern filesize limit: sjdbInfo.txt
[2021-09-08 10:11:38,892] multiqc                                            [DEBUG  ]  File ignored by ccs/v4 because it exceeded search pattern filesize limit: exonGeTrInfo.tab
[2021-09-08 10:11:38,894] multiqc                                            [DEBUG  ]  File ignored by hicexplorer because it exceeded search pattern filesize limit: exonGeTrInfo.tab
[2021-09-08 10:11:38,894] multiqc                                            [DEBUG  ]  File ignored by nanostat because it exceeded search pattern filesize limit: exonGeTrInfo.tab
[2021-09-08 10:11:38,894] multiqc                                            [DEBUG  ]  File ignored by lima/summary because it exceeded search pattern filesize limit: exonGeTrInfo.tab
[2021-09-08 10:11:38,896] multiqc                                            [DEBUG  ]  File ignored by vep/vep_txt because it exceeded search pattern filesize limit: exonGeTrInfo.tab
[2021-09-08 10:11:38,896] multiqc                                            [DEBUG  ]  File ignored by longranger/invocation because it exceeded search pattern filesize limit: exonGeTrInfo.tab
[2021-09-08 10:11:39,043] multiqc                                            [DEBUG  ]  File ignored by ccs/v4 because it exceeded search pattern filesize limit: transcriptInfo.tab
[2021-09-08 10:11:39,044] multiqc                                            [DEBUG  ]  File ignored by hicexplorer because it exceeded search pattern filesize limit: transcriptInfo.tab
[2021-09-08 10:11:39,044] multiqc                                            [DEBUG  ]  File ignored by nanostat because it exceeded search pattern filesize limit: transcriptInfo.tab
[2021-09-08 10:11:39,044] multiqc                                            [DEBUG  ]  File ignored by lima/summary because it exceeded search pattern filesize limit: transcriptInfo.tab
[2021-09-08 10:11:39,046] multiqc                                            [DEBUG  ]  File ignored by vep/vep_txt because it exceeded search pattern filesize limit: transcriptInfo.tab
[2021-09-08 10:11:39,046] multiqc                                            [DEBUG  ]  File ignored by longranger/invocation because it exceeded search pattern filesize limit: transcriptInfo.tab
[2021-09-08 10:11:39,201] multiqc                                            [DEBUG  ]  File ignored by ccs/v4 because it exceeded search pattern filesize limit: yeastAligned.sortedByName.out_fastqc.html
[2021-09-08 10:11:39,203] multiqc                                            [DEBUG  ]  File ignored by hicexplorer because it exceeded search pattern filesize limit: yeastAligned.sortedByName.out_fastqc.html
[2021-09-08 10:11:39,203] multiqc                                            [DEBUG  ]  File ignored by nanostat because it exceeded search pattern filesize limit: yeastAligned.sortedByName.out_fastqc.html
[2021-09-08 10:11:39,203] multiqc                                            [DEBUG  ]  File ignored by lima/summary because it exceeded search pattern filesize limit: yeastAligned.sortedByName.out_fastqc.html
[2021-09-08 10:11:39,205] multiqc                                            [DEBUG  ]  File ignored by vep/vep_txt because it exceeded search pattern filesize limit: yeastAligned.sortedByName.out_fastqc.html
[2021-09-08 10:11:39,205] multiqc                                            [DEBUG  ]  File ignored by longranger/invocation because it exceeded search pattern filesize limit: yeastAligned.sortedByName.out_fastqc.html
[2021-09-08 10:11:39,205] multiqc                                            [DEBUG  ]  File ignored by rockhopper because it exceeded search pattern filesize limit: yeastAligned.sortedByName.out_fastqc.html
[2021-09-08 10:11:39,205] multiqc                                            [DEBUG  ]  File ignored by rseqc/bam_stat because it exceeded search pattern filesize limit: yeastAligned.sortedByName.out_fastqc.html
[2021-09-08 10:11:39,205] multiqc                                            [DEBUG  ]  File ignored by rseqc/junction_annotation because it exceeded search pattern filesize limit: yeastAligned.sortedByName.out_fastqc.html
[2021-09-08 10:11:39,205] multiqc                                            [DEBUG  ]  File ignored by rseqc/read_distribution because it exceeded search pattern filesize limit: yeastAligned.sortedByName.out_fastqc.html
[2021-09-08 10:11:39,205] multiqc                                            [DEBUG  ]  File ignored by rseqc/infer_experiment because it exceeded search pattern filesize limit: yeastAligned.sortedByName.out_fastqc.html
[2021-09-08 10:11:39,287] multiqc                                            [DEBUG  ]  File ignored by ccs/v4 because it exceeded search pattern filesize limit: yeast_R1_fastqc.html
[2021-09-08 10:11:39,289] multiqc                                            [DEBUG  ]  File ignored by hicexplorer because it exceeded search pattern filesize limit: yeast_R1_fastqc.html
[2021-09-08 10:11:39,289] multiqc                                            [DEBUG  ]  File ignored by nanostat because it exceeded search pattern filesize limit: yeast_R1_fastqc.html
[2021-09-08 10:11:39,289] multiqc                                            [DEBUG  ]  File ignored by lima/summary because it exceeded search pattern filesize limit: yeast_R1_fastqc.html
[2021-09-08 10:11:39,293] multiqc                                            [DEBUG  ]  File ignored by vep/vep_txt because it exceeded search pattern filesize limit: yeast_R1_fastqc.html
[2021-09-08 10:11:39,293] multiqc                                            [DEBUG  ]  File ignored by longranger/invocation because it exceeded search pattern filesize limit: yeast_R1_fastqc.html
[2021-09-08 10:11:39,293] multiqc                                            [DEBUG  ]  File ignored by rockhopper because it exceeded search pattern filesize limit: yeast_R1_fastqc.html
[2021-09-08 10:11:39,293] multiqc                                            [DEBUG  ]  File ignored by rseqc/bam_stat because it exceeded search pattern filesize limit: yeast_R1_fastqc.html
[2021-09-08 10:11:39,293] multiqc                                            [DEBUG  ]  File ignored by rseqc/junction_annotation because it exceeded search pattern filesize limit: yeast_R1_fastqc.html
[2021-09-08 10:11:39,293] multiqc                                            [DEBUG  ]  File ignored by rseqc/read_distribution because it exceeded search pattern filesize limit: yeast_R1_fastqc.html
[2021-09-08 10:11:39,293] multiqc                                            [DEBUG  ]  File ignored by rseqc/infer_experiment because it exceeded search pattern filesize limit: yeast_R1_fastqc.html
[2021-09-08 10:11:39,398] multiqc                                            [DEBUG  ]  File ignored by ccs/v4 because it exceeded search pattern filesize limit: yeast_R2_fastqc.html
[2021-09-08 10:11:39,399] multiqc                                            [DEBUG  ]  File ignored by hicexplorer because it exceeded search pattern filesize limit: yeast_R2_fastqc.html
[2021-09-08 10:11:39,400] multiqc                                            [DEBUG  ]  File ignored by nanostat because it exceeded search pattern filesize limit: yeast_R2_fastqc.html
[2021-09-08 10:11:39,400] multiqc                                            [DEBUG  ]  File ignored by lima/summary because it exceeded search pattern filesize limit: yeast_R2_fastqc.html
[2021-09-08 10:11:39,402] multiqc                                            [DEBUG  ]  File ignored by vep/vep_txt because it exceeded search pattern filesize limit: yeast_R2_fastqc.html
[2021-09-08 10:11:39,402] multiqc                                            [DEBUG  ]  File ignored by longranger/invocation because it exceeded search pattern filesize limit: yeast_R2_fastqc.html
[2021-09-08 10:11:39,402] multiqc                                            [DEBUG  ]  File ignored by rockhopper because it exceeded search pattern filesize limit: yeast_R2_fastqc.html
[2021-09-08 10:11:39,402] multiqc                                            [DEBUG  ]  File ignored by rseqc/bam_stat because it exceeded search pattern filesize limit: yeast_R2_fastqc.html
[2021-09-08 10:11:39,402] multiqc                                            [DEBUG  ]  File ignored by rseqc/junction_annotation because it exceeded search pattern filesize limit: yeast_R2_fastqc.html
[2021-09-08 10:11:39,402] multiqc                                            [DEBUG  ]  File ignored by rseqc/read_distribution because it exceeded search pattern filesize limit: yeast_R2_fastqc.html
[2021-09-08 10:11:39,402] multiqc                                            [DEBUG  ]  File ignored by rseqc/infer_experiment because it exceeded search pattern filesize limit: yeast_R2_fastqc.html
[2021-09-08 10:11:41,052] multiqc.plots.bargraph                             [DEBUG  ]  Using matplotlib version 3.4.3
[2021-09-08 10:11:41,054] multiqc.plots.linegraph                            [DEBUG  ]  Using matplotlib version 3.4.3
[2021-09-08 10:11:41,059] multiqc                                            [DEBUG  ]  No samples found: custom_content
[2021-09-08 10:11:41,067] multiqc                                            [DEBUG  ]  No samples found: ccs
[2021-09-08 10:11:41,075] multiqc                                            [DEBUG  ]  No samples found: ngsderive
[2021-09-08 10:11:41,082] multiqc                                            [DEBUG  ]  No samples found: purple
[2021-09-08 10:11:41,088] multiqc                                            [DEBUG  ]  No samples found: conpair
[2021-09-08 10:11:41,094] multiqc                                            [DEBUG  ]  No samples found: lima
[2021-09-08 10:11:41,100] multiqc                                            [DEBUG  ]  No samples found: peddy
[2021-09-08 10:11:41,107] multiqc                                            [DEBUG  ]  No samples found: somalier
[2021-09-08 10:11:41,114] multiqc                                            [DEBUG  ]  No samples found: methylQA
[2021-09-08 10:11:41,122] multiqc.modules.mosdepth.mosdepth                  [DEBUG  ]  include_contigs: []
[2021-09-08 10:11:41,123] multiqc.modules.mosdepth.mosdepth                  [DEBUG  ]  exclude_contigs: []
[2021-09-08 10:11:41,123] multiqc                                            [DEBUG  ]  No samples found: mosdepth
[2021-09-08 10:11:41,128] multiqc                                            [DEBUG  ]  No samples found: phantompeakqualtools
[2021-09-08 10:11:41,133] multiqc                                            [DEBUG  ]  No samples found: qualimap
[2021-09-08 10:11:41,138] multiqc                                            [DEBUG  ]  No samples found: preseq
[2021-09-08 10:11:41,143] multiqc                                            [DEBUG  ]  No samples found: quast
[2021-09-08 10:11:41,149] multiqc                                            [DEBUG  ]  No samples found: qorts
[2021-09-08 10:11:41,155] multiqc                                            [DEBUG  ]  No samples found: rna_seqc
[2021-09-08 10:11:41,160] multiqc                                            [DEBUG  ]  No samples found: rockhopper
[2021-09-08 10:11:41,167] multiqc                                            [DEBUG  ]  No samples found: rsem
[2021-09-08 10:11:41,182] multiqc                                            [DEBUG  ]  No samples found: rseqc
[2021-09-08 10:11:41,188] multiqc                                            [DEBUG  ]  No samples found: busco
[2021-09-08 10:11:41,192] multiqc                                            [DEBUG  ]  No samples found: bustools
[2021-09-08 10:11:41,198] multiqc                                            [DEBUG  ]  No samples found: goleft_indexcov
[2021-09-08 10:11:41,203] multiqc                                            [DEBUG  ]  No samples found: gffcompare
[2021-09-08 10:11:41,208] multiqc                                            [DEBUG  ]  No samples found: disambiguate
[2021-09-08 10:11:41,212] multiqc                                            [DEBUG  ]  No samples found: supernova
[2021-09-08 10:11:41,228] multiqc                                            [DEBUG  ]  No samples found: deeptools
[2021-09-08 10:11:41,236] multiqc                                            [DEBUG  ]  No samples found: sargasso
[2021-09-08 10:11:41,242] multiqc                                            [DEBUG  ]  No samples found: verifybamid
[2021-09-08 10:11:41,250] multiqc                                            [DEBUG  ]  No samples found: mirtrace
[2021-09-08 10:11:41,258] multiqc                                            [DEBUG  ]  No samples found: happy
[2021-09-08 10:11:41,266] multiqc                                            [DEBUG  ]  No samples found: mirtop
[2021-09-08 10:11:41,274] multiqc                                            [DEBUG  ]  No samples found: sambamba
[2021-09-08 10:11:41,282] multiqc                                            [DEBUG  ]  No samples found: homer
[2021-09-08 10:11:41,289] multiqc                                            [DEBUG  ]  No samples found: hops
[2021-09-08 10:11:41,295] multiqc                                            [DEBUG  ]  No samples found: macs2
[2021-09-08 10:11:41,301] multiqc                                            [DEBUG  ]  No samples found: theta2
[2021-09-08 10:11:41,305] multiqc                                            [DEBUG  ]  No samples found: snpeff
[2021-09-08 10:11:41,313] multiqc                                            [DEBUG  ]  No samples found: gatk
[2021-09-08 10:11:41,319] multiqc                                            [DEBUG  ]  No samples found: htseq
[2021-09-08 10:11:41,325] multiqc                                            [DEBUG  ]  No samples found: bcftools
[2021-09-08 10:11:41,330] multiqc.modules.featureCounts.feature_counts       [INFO   ]  Found 1 reports
[2021-09-08 10:11:41,351] multiqc                                            [DEBUG  ]  No samples found: fgbio
[2021-09-08 10:11:41,368] multiqc                                            [DEBUG  ]  No samples found: dragen
[2021-09-08 10:11:41,371] multiqc                                            [DEBUG  ]  No samples found: dedup
[2021-09-08 10:11:41,375] multiqc                                            [DEBUG  ]  No samples found: damageprofiler
[2021-09-08 10:11:41,399] multiqc                                            [DEBUG  ]  No samples found: biobambam2
[2021-09-08 10:11:41,404] multiqc                                            [DEBUG  ]  No samples found: jcvi
[2021-09-08 10:11:41,408] multiqc                                            [DEBUG  ]  No samples found: mtnucratio
[2021-09-08 10:11:41,412] multiqc                                            [DEBUG  ]  No samples found: picard
[2021-09-08 10:11:41,417] multiqc                                            [DEBUG  ]  No samples found: vep
[2021-09-08 10:11:41,424] multiqc                                            [DEBUG  ]  No samples found: sentieon
[2021-09-08 10:11:41,427] multiqc                                            [DEBUG  ]  No samples found: prokka
[2021-09-08 10:11:41,431] multiqc                                            [DEBUG  ]  No samples found: qc3C
[2021-09-08 10:11:41,435] multiqc                                            [DEBUG  ]  No samples found: nanostat
[2021-09-08 10:11:41,439] multiqc                                            [DEBUG  ]  No samples found: samblaster
[2021-09-08 10:11:41,445] multiqc                                            [DEBUG  ]  No samples found: samtools
[2021-09-08 10:11:41,448] multiqc                                            [DEBUG  ]  No samples found: sexdeterrmine
[2021-09-08 10:11:41,452] multiqc                                            [DEBUG  ]  No samples found: eigenstratdatabasetools
[2021-09-08 10:11:41,456] multiqc                                            [DEBUG  ]  No samples found: bamtools
[2021-09-08 10:11:41,460] multiqc                                            [DEBUG  ]  No samples found: jellyfish
[2021-09-08 10:11:41,466] multiqc                                            [DEBUG  ]  No samples found: vcftools
[2021-09-08 10:11:41,469] multiqc                                            [DEBUG  ]  No samples found: longranger
[2021-09-08 10:11:41,473] multiqc                                            [DEBUG  ]  No samples found: stacks
[2021-09-08 10:11:41,477] multiqc                                            [DEBUG  ]  No samples found: varscan2
[2021-09-08 10:11:41,481] multiqc                                            [DEBUG  ]  No samples found: snippy
[2021-09-08 10:11:41,491] multiqc                                            [DEBUG  ]  No samples found: bbmap
[2021-09-08 10:11:41,495] multiqc                                            [DEBUG  ]  No samples found: bismark
[2021-09-08 10:11:41,499] multiqc                                            [DEBUG  ]  No samples found: biscuit
[2021-09-08 10:11:41,503] multiqc                                            [DEBUG  ]  No samples found: hicexplorer
[2021-09-08 10:11:41,507] multiqc                                            [DEBUG  ]  No samples found: hicup
[2021-09-08 10:11:41,510] multiqc                                            [DEBUG  ]  No samples found: hicpro
[2021-09-08 10:11:41,514] multiqc                                            [DEBUG  ]  No samples found: salmon
[2021-09-08 10:11:41,517] multiqc                                            [DEBUG  ]  No samples found: kallisto
[2021-09-08 10:11:41,521] multiqc                                            [DEBUG  ]  No samples found: slamdunk
[2021-09-08 10:11:41,529] multiqc.modules.star.star                          [INFO   ]  Found 1 reports
[2021-09-08 10:11:41,533] multiqc                                            [DEBUG  ]  No samples found: hisat2
[2021-09-08 10:11:41,537] multiqc                                            [DEBUG  ]  No samples found: tophat
[2021-09-08 10:11:41,542] multiqc                                            [DEBUG  ]  No samples found: bowtie2
[2021-09-08 10:11:41,546] multiqc                                            [DEBUG  ]  No samples found: bowtie1
[2021-09-08 10:11:41,549] multiqc                                            [DEBUG  ]  No samples found: snpsplit
[2021-09-08 10:11:41,553] multiqc                                            [DEBUG  ]  No samples found: odgi
[2021-09-08 10:11:41,556] multiqc                                            [DEBUG  ]  No samples found: pangolin
[2021-09-08 10:11:41,560] multiqc                                            [DEBUG  ]  No samples found: kat
[2021-09-08 10:11:41,563] multiqc                                            [DEBUG  ]  No samples found: leehom
[2021-09-08 10:11:41,567] multiqc                                            [DEBUG  ]  No samples found: adapterRemoval
[2021-09-08 10:11:41,570] multiqc                                            [DEBUG  ]  No samples found: clipandmerge
[2021-09-08 10:11:41,574] multiqc                                            [DEBUG  ]  No samples found: cutadapt
[2021-09-08 10:11:41,577] multiqc                                            [DEBUG  ]  No samples found: flexbar
[2021-09-08 10:11:41,582] multiqc                                            [DEBUG  ]  No samples found: kaiju
[2021-09-08 10:11:41,586] multiqc                                            [DEBUG  ]  No samples found: kraken
[2021-09-08 10:11:41,592] multiqc                                            [DEBUG  ]  No samples found: malt
[2021-09-08 10:11:41,597] multiqc                                            [DEBUG  ]  No samples found: trimmomatic
[2021-09-08 10:11:41,603] multiqc                                            [DEBUG  ]  No samples found: sickle
[2021-09-08 10:11:41,608] multiqc                                            [DEBUG  ]  No samples found: skewer
[2021-09-08 10:11:41,613] multiqc                                            [DEBUG  ]  No samples found: sortmerna
[2021-09-08 10:11:41,617] multiqc                                            [DEBUG  ]  No samples found: biobloomtools
[2021-09-08 10:11:41,622] multiqc                                            [DEBUG  ]  No samples found: fastq_screen
[2021-09-08 10:11:41,626] multiqc                                            [DEBUG  ]  No samples found: afterqc
[2021-09-08 10:11:41,633] multiqc                                            [DEBUG  ]  No samples found: fastp
[2021-09-08 10:11:41,646] multiqc.modules.fastqc.fastqc                      [INFO   ]  Found 3 reports
[2021-09-08 10:11:41,731] multiqc                                            [DEBUG  ]  No samples found: pychopper
[2021-09-08 10:11:41,737] multiqc                                            [DEBUG  ]  No samples found: pycoqc
[2021-09-08 10:11:41,741] multiqc                                            [DEBUG  ]  No samples found: minionqc
[2021-09-08 10:11:41,746] multiqc                                            [DEBUG  ]  No samples found: multivcfanalyzer
[2021-09-08 10:11:41,751] multiqc                                            [DEBUG  ]  No samples found: clusterflow
[2021-09-08 10:11:41,755] multiqc                                            [DEBUG  ]  No samples found: bcl2fastq
[2021-09-08 10:11:41,760] multiqc                                            [DEBUG  ]  No samples found: bclconvert
[2021-09-08 10:11:41,765] multiqc                                            [DEBUG  ]  No samples found: interop
[2021-09-08 10:11:41,770] multiqc                                            [DEBUG  ]  No samples found: ivar
[2021-09-08 10:11:41,774] multiqc                                            [DEBUG  ]  No samples found: flash
[2021-09-08 10:11:41,778] multiqc                                            [DEBUG  ]  No samples found: seqyclean
[2021-09-08 10:11:41,784] multiqc                                            [DEBUG  ]  No samples found: optitype
[2021-09-08 10:11:41,791] multiqc                                            [INFO   ]  Compressing plot data
[2021-09-08 10:11:41,846] multiqc                                            [INFO   ]  Report      : outputs/multiqc_output/multiqc_report.html
[2021-09-08 10:11:41,846] multiqc                                            [INFO   ]  Data        : outputs/multiqc_output/multiqc_data
[2021-09-08 10:11:41,846] multiqc                                            [DEBUG  ]  Moving data file from '/var/folders/kb/1tbph6897cb_t_qs6vr3j9cc0000gn/T/tmp25mpz1vh/multiqc_data' to 'outputs/multiqc_output/multiqc_data'
[2021-09-08 10:11:41,983] multiqc                                            [INFO   ]  MultiQC complete
